-------------------------------------------------------------------------------
Test set: tests.DesafioWebTests
-------------------------------------------------------------------------------
Tests run: 7, Failures: 1, Errors: 0, Skipped: 0, Time elapsed: 111.151 s <<< FAILURE! - in tests.DesafioWebTests
tests.DesafioWebTests.testNewAccountWithEmailAlreadyRegistered  Time elapsed: 16.475 s  <<< FAILURE!
org.junit.ComparisonFailure: expected:<...ady been registered.[Please enter a valid password or request a new one. ]> but was:<...ady been registered.[ Please enter a valid password or request a new one.]>
	at tests.DesafioWebTests.testNewAccountWithEmailAlreadyRegistered(DesafioWebTests.java:146)

