<?xml version="1.0" encoding="UTF-8"?>
<testsuite xmlns:xsi="http://www.w3.org/2001/XMLSchema-instance" xsi:noNamespaceSchemaLocation="https://maven.apache.org/surefire/maven-surefire-plugin/xsd/surefire-test-report-3.0.xsd" version="3.0" name="tests.SetupTest" time="17.914" tests="1" errors="0" skipped="0" failures="1">
  <properties>
[...]
</properties>
  <testcase name="testNewAccount" classname="tests.SetupTest" time="16.906">
    <failure type="java.lang.AssertionError"><![CDATA[java.lang.AssertionError
	at tests.SetupTest.testNewAccount(SetupTest.java:173)
]]></failure>
    <system-out><![CDATA[Clicou em Sign in e direcionou para página de Login.
Preencheu o e-mail.
Clicou no botão Create Account
]]></system-out>
    <system-err><![CDATA[SLF4J: Failed to load class "org.slf4j.impl.StaticLoggerBinder".
SLF4J: Defaulting to no-operation (NOP) logger implementation
SLF4J: See http://www.slf4j.org/codes.html#StaticLoggerBinder for further details.
mar 29, 2021 2:44:02 PM org.openqa.selenium.remote.ProtocolHandshake createSession
INFORMAÇÕES: Detected dialect: W3C
]]></system-err>
  </testcase>
</testsuite>